0 info it worked if it ends with ok
1 verbose cli [ 'C:\\Program Files\\nodejs\\\\node.exe',
1 verbose cli   'C:\\Program Files\\nodejs\\node_modules\\npm\\bin\\npm-cli.js',
1 verbose cli   'install',
1 verbose cli   '-g',
1 verbose cli   'ionic' ]
2 info using npm@1.4.28
3 info using node@v0.10.33
4 verbose node symlink C:\Program Files\nodejs\\node.exe
5 verbose cache add [ 'ionic', null ]
6 verbose cache add name=undefined spec="ionic" args=["ionic",null]
7 verbose parsed url { protocol: null,
7 verbose parsed url   slashes: null,
7 verbose parsed url   auth: null,
7 verbose parsed url   host: null,
7 verbose parsed url   port: null,
7 verbose parsed url   hostname: null,
7 verbose parsed url   hash: null,
7 verbose parsed url   search: null,
7 verbose parsed url   query: null,
7 verbose parsed url   pathname: 'ionic',
7 verbose parsed url   path: 'ionic',
7 verbose parsed url   href: 'ionic' }
8 silly lockFile 00d10074-ionic ionic
9 verbose lock ionic C:\Program Files\nodejs\node_cache\00d10074-ionic.lock
10 silly lockFile 00d10074-ionic ionic
11 error Error: Attempt to unlock ionic, which hasn't been locked
11 error     at unlock (C:\Program Files\nodejs\node_modules\npm\lib\utils\locker.js:44:11)
11 error     at cb (C:\Program Files\nodejs\node_modules\npm\lib\cache\add-local.js:30:5)
11 error     at C:\Program Files\nodejs\node_modules\npm\lib\cache\add-local.js:47:20
11 error     at C:\Program Files\nodejs\node_modules\npm\lib\utils\locker.js:30:7
11 error     at cb (C:\Program Files\nodejs\node_modules\npm\node_modules\lockfile\lockfile.js:149:38)
11 error     at C:\Program Files\nodejs\node_modules\npm\node_modules\lockfile\lockfile.js:177:38
11 error     at Object.oncomplete (fs.js:107:15)
12 error If you need help, you may report this *entire* log,
12 error including the npm and node versions, at:
12 error     <http://github.com/npm/npm/issues>
13 error System Windows_NT 6.2.9200
14 error command "C:\\Program Files\\nodejs\\\\node.exe" "C:\\Program Files\\nodejs\\node_modules\\npm\\bin\\npm-cli.js" "install" "-g" "ionic"
15 error cwd E:\newTech\ionic\ishair
16 error node -v v0.10.33
17 error npm -v 1.4.28
18 verbose exit [ 1, true ]
